<?xml version="1.0" encoding="UTF-8"?>
<testsuite xmlns:xsi="http://www.w3.org/2001/XMLSchema-instance" xsi:noNamespaceSchemaLocation="https://maven.apache.org/surefire/maven-surefire-plugin/xsd/surefire-test-report.xsd" name="br.com.mercado_livre.desafio.unittests.adapters.gateways.repositories.PedidoRepositoryTest" time="2.428" tests="2" errors="0" skipped="0" failures="0">
  <properties>
    <property name="sun.desktop" value="windows"/>
    <property name="awt.toolkit" value="sun.awt.windows.WToolkit"/>
    <property name="java.specification.version" value="11"/>
    <property name="sun.cpu.isalist" value="amd64"/>
    <property name="sun.jnu.encoding" value="Cp1252"/>
    <property name="java.class.path" value="C:\Users\thyag\IdeaProjects\desafio-mercado-livre\target\test-classes;C:\Users\thyag\IdeaProjects\desafio-mercado-livre\target\classes;C:\Users\thyag\.m2\repository\org\springframework\boot\spring-boot-starter-web\2.2.7.RELEASE\spring-boot-starter-web-2.2.7.RELEASE.jar;C:\Users\thyag\.m2\repository\org\springframework\boot\spring-boot-starter\2.2.7.RELEASE\spring-boot-starter-2.2.7.RELEASE.jar;C:\Users\thyag\.m2\repository\org\springframework\boot\spring-boot\2.2.7.RELEASE\spring-boot-2.2.7.RELEASE.jar;C:\Users\thyag\.m2\repository\org\springframework\boot\spring-boot-autoconfigure\2.2.7.RELEASE\spring-boot-autoconfigure-2.2.7.RELEASE.jar;C:\Users\thyag\.m2\repository\org\springframework\boot\spring-boot-starter-logging\2.2.7.RELEASE\spring-boot-starter-logging-2.2.7.RELEASE.jar;C:\Users\thyag\.m2\repository\ch\qos\logback\logback-classic\1.2.3\logback-classic-1.2.3.jar;C:\Users\thyag\.m2\repository\ch\qos\logback\logback-core\1.2.3\logback-core-1.2.3.jar;C:\Users\thyag\.m2\repository\org\apache\logging\log4j\log4j-to-slf4j\2.12.1\log4j-to-slf4j-2.12.1.jar;C:\Users\thyag\.m2\repository\org\apache\logging\log4j\log4j-api\2.13.3\log4j-api-2.13.3.jar;C:\Users\thyag\.m2\repository\org\slf4j\jul-to-slf4j\1.7.30\jul-to-slf4j-1.7.30.jar;C:\Users\thyag\.m2\repository\jakarta\annotation\jakarta.annotation-api\1.3.5\jakarta.annotation-api-1.3.5.jar;C:\Users\thyag\.m2\repository\org\yaml\snakeyaml\1.25\snakeyaml-1.25.jar;C:\Users\thyag\.m2\repository\org\springframework\boot\spring-boot-starter-json\2.2.7.RELEASE\spring-boot-starter-json-2.2.7.RELEASE.jar;C:\Users\thyag\.m2\repository\com\fasterxml\jackson\datatype\jackson-datatype-jdk8\2.11.4\jackson-datatype-jdk8-2.11.4.jar;C:\Users\thyag\.m2\repository\com\fasterxml\jackson\datatype\jackson-datatype-jsr310\2.11.4\jackson-datatype-jsr310-2.11.4.jar;C:\Users\thyag\.m2\repository\com\fasterxml\jackson\module\jackson-module-parameter-names\2.11.4\jackson-module-parameter-names-2.11.4.jar;C:\Users\thyag\.m2\repository\org\springframework\boot\spring-boot-starter-tomcat\2.2.7.RELEASE\spring-boot-starter-tomcat-2.2.7.RELEASE.jar;C:\Users\thyag\.m2\repository\org\apache\tomcat\embed\tomcat-embed-core\9.0.34\tomcat-embed-core-9.0.34.jar;C:\Users\thyag\.m2\repository\org\apache\tomcat\embed\tomcat-embed-el\9.0.34\tomcat-embed-el-9.0.34.jar;C:\Users\thyag\.m2\repository\org\apache\tomcat\embed\tomcat-embed-websocket\9.0.34\tomcat-embed-websocket-9.0.34.jar;C:\Users\thyag\.m2\repository\org\springframework\boot\spring-boot-starter-validation\2.2.7.RELEASE\spring-boot-starter-validation-2.2.7.RELEASE.jar;C:\Users\thyag\.m2\repository\jakarta\validation\jakarta.validation-api\2.0.2\jakarta.validation-api-2.0.2.jar;C:\Users\thyag\.m2\repository\org\springframework\spring-web\5.2.12.RELEASE\spring-web-5.2.12.RELEASE.jar;C:\Users\thyag\.m2\repository\org\springframework\spring-beans\5.2.12.RELEASE\spring-beans-5.2.12.RELEASE.jar;C:\Users\thyag\.m2\repository\org\springframework\spring-webmvc\5.2.12.RELEASE\spring-webmvc-5.2.12.RELEASE.jar;C:\Users\thyag\.m2\repository\org\springframework\spring-aop\5.2.12.RELEASE\spring-aop-5.2.12.RELEASE.jar;C:\Users\thyag\.m2\repository\org\springframework\spring-expression\5.2.12.RELEASE\spring-expression-5.2.12.RELEASE.jar;C:\Users\thyag\.m2\repository\org\springframework\boot\spring-boot-starter-test\2.2.7.RELEASE\spring-boot-starter-test-2.2.7.RELEASE.jar;C:\Users\thyag\.m2\repository\org\springframework\boot\spring-boot-test\2.2.7.RELEASE\spring-boot-test-2.2.7.RELEASE.jar;C:\Users\thyag\.m2\repository\org\springframework\boot\spring-boot-test-autoconfigure\2.2.7.RELEASE\spring-boot-test-autoconfigure-2.2.7.RELEASE.jar;C:\Users\thyag\.m2\repository\com\jayway\jsonpath\json-path\2.4.0\json-path-2.4.0.jar;C:\Users\thyag\.m2\repository\net\minidev\json-smart\2.3\json-smart-2.3.jar;C:\Users\thyag\.m2\repository\net\minidev\accessors-smart\1.2\accessors-smart-1.2.jar;C:\Users\thyag\.m2\repository\org\ow2\asm\asm\5.0.4\asm-5.0.4.jar;C:\Users\thyag\.m2\repository\jakarta\xml\bind\jakarta.xml.bind-api\2.3.3\jakarta.xml.bind-api-2.3.3.jar;C:\Users\thyag\.m2\repository\jakarta\activation\jakarta.activation-api\1.2.2\jakarta.activation-api-1.2.2.jar;C:\Users\thyag\.m2\repository\org\junit\jupiter\junit-jupiter\5.6.3\junit-jupiter-5.6.3.jar;C:\Users\thyag\.m2\repository\org\junit\jupiter\junit-jupiter-api\5.6.3\junit-jupiter-api-5.6.3.jar;C:\Users\thyag\.m2\repository\org\opentest4j\opentest4j\1.2.0\opentest4j-1.2.0.jar;C:\Users\thyag\.m2\repository\org\junit\platform\junit-platform-commons\1.6.3\junit-platform-commons-1.6.3.jar;C:\Users\thyag\.m2\repository\org\junit\jupiter\junit-jupiter-params\5.6.3\junit-jupiter-params-5.6.3.jar;C:\Users\thyag\.m2\repository\org\junit\jupiter\junit-jupiter-engine\5.6.3\junit-jupiter-engine-5.6.3.jar;C:\Users\thyag\.m2\repository\org\junit\vintage\junit-vintage-engine\5.6.3\junit-vintage-engine-5.6.3.jar;C:\Users\thyag\.m2\repository\org\apiguardian\apiguardian-api\1.1.0\apiguardian-api-1.1.0.jar;C:\Users\thyag\.m2\repository\org\junit\platform\junit-platform-engine\1.6.3\junit-platform-engine-1.6.3.jar;C:\Users\thyag\.m2\repository\org\mockito\mockito-junit-jupiter\3.1.0\mockito-junit-jupiter-3.1.0.jar;C:\Users\thyag\.m2\repository\org\assertj\assertj-core\3.13.2\assertj-core-3.13.2.jar;C:\Users\thyag\.m2\repository\org\hamcrest\hamcrest\2.1\hamcrest-2.1.jar;C:\Users\thyag\.m2\repository\org\mockito\mockito-core\3.1.0\mockito-core-3.1.0.jar;C:\Users\thyag\.m2\repository\net\bytebuddy\byte-buddy\1.10.10\byte-buddy-1.10.10.jar;C:\Users\thyag\.m2\repository\net\bytebuddy\byte-buddy-agent\1.10.10\byte-buddy-agent-1.10.10.jar;C:\Users\thyag\.m2\repository\org\objenesis\objenesis\3.0.1\objenesis-3.0.1.jar;C:\Users\thyag\.m2\repository\org\skyscreamer\jsonassert\1.5.0\jsonassert-1.5.0.jar;C:\Users\thyag\.m2\repository\com\vaadin\external\google\android-json\0.0.20131108.vaadin1\android-json-0.0.20131108.vaadin1.jar;C:\Users\thyag\.m2\repository\org\springframework\spring-core\5.2.12.RELEASE\spring-core-5.2.12.RELEASE.jar;C:\Users\thyag\.m2\repository\org\springframework\spring-jcl\5.2.12.RELEASE\spring-jcl-5.2.12.RELEASE.jar;C:\Users\thyag\.m2\repository\org\springframework\spring-test\5.2.12.RELEASE\spring-test-5.2.12.RELEASE.jar;C:\Users\thyag\.m2\repository\org\xmlunit\xmlunit-core\2.6.4\xmlunit-core-2.6.4.jar;C:\Users\thyag\.m2\repository\org\mapstruct\mapstruct\1.3.1.Final\mapstruct-1.3.1.Final.jar;C:\Users\thyag\.m2\repository\org\mapstruct\mapstruct-processor\1.3.1.Final\mapstruct-processor-1.3.1.Final.jar;C:\Users\thyag\.m2\repository\io\springfox\springfox-swagger2\2.9.2\springfox-swagger2-2.9.2.jar;C:\Users\thyag\.m2\repository\io\swagger\swagger-annotations\1.5.20\swagger-annotations-1.5.20.jar;C:\Users\thyag\.m2\repository\io\swagger\swagger-models\1.5.20\swagger-models-1.5.20.jar;C:\Users\thyag\.m2\repository\com\fasterxml\jackson\core\jackson-annotations\2.11.4\jackson-annotations-2.11.4.jar;C:\Users\thyag\.m2\repository\io\springfox\springfox-spi\2.9.2\springfox-spi-2.9.2.jar;C:\Users\thyag\.m2\repository\io\springfox\springfox-core\2.9.2\springfox-core-2.9.2.jar;C:\Users\thyag\.m2\repository\io\springfox\springfox-schema\2.9.2\springfox-schema-2.9.2.jar;C:\Users\thyag\.m2\repository\io\springfox\springfox-swagger-common\2.9.2\springfox-swagger-common-2.9.2.jar;C:\Users\thyag\.m2\repository\io\springfox\springfox-spring-web\2.9.2\springfox-spring-web-2.9.2.jar;C:\Users\thyag\.m2\repository\com\google\guava\guava\20.0\guava-20.0.jar;C:\Users\thyag\.m2\repository\com\fasterxml\classmate\1.5.1\classmate-1.5.1.jar;C:\Users\thyag\.m2\repository\org\slf4j\slf4j-api\1.7.30\slf4j-api-1.7.30.jar;C:\Users\thyag\.m2\repository\org\springframework\plugin\spring-plugin-core\1.2.0.RELEASE\spring-plugin-core-1.2.0.RELEASE.jar;C:\Users\thyag\.m2\repository\org\springframework\plugin\spring-plugin-metadata\1.2.0.RELEASE\spring-plugin-metadata-1.2.0.RELEASE.jar;C:\Users\thyag\.m2\repository\io\springfox\springfox-swagger-ui\2.9.2\springfox-swagger-ui-2.9.2.jar;C:\Users\thyag\.m2\repository\org\projectlombok\lombok\1.18.12\lombok-1.18.12.jar;C:\Users\thyag\.m2\repository\com\github\derjust\spring-data-dynamodb\5.1.0\spring-data-dynamodb-5.1.0.jar;C:\Users\thyag\.m2\repository\org\springframework\spring-context\5.2.12.RELEASE\spring-context-5.2.12.RELEASE.jar;C:\Users\thyag\.m2\repository\org\springframework\spring-tx\5.2.12.RELEASE\spring-tx-5.2.12.RELEASE.jar;C:\Users\thyag\.m2\repository\org\springframework\data\spring-data-commons\2.3.6.RELEASE\spring-data-commons-2.3.6.RELEASE.jar;C:\Users\thyag\.m2\repository\org\hibernate\validator\hibernate-validator\6.0.19.Final\hibernate-validator-6.0.19.Final.jar;C:\Users\thyag\.m2\repository\javax\validation\validation-api\2.0.1.Final\validation-api-2.0.1.Final.jar;C:\Users\thyag\.m2\repository\org\jboss\logging\jboss-logging\3.4.1.Final\jboss-logging-3.4.1.Final.jar;C:\Users\thyag\.m2\repository\com\amazonaws\aws-java-sdk-dynamodb\1.11.792\aws-java-sdk-dynamodb-1.11.792.jar;C:\Users\thyag\.m2\repository\com\amazonaws\aws-java-sdk-s3\1.11.792\aws-java-sdk-s3-1.11.792.jar;C:\Users\thyag\.m2\repository\com\amazonaws\aws-java-sdk-kms\1.11.792\aws-java-sdk-kms-1.11.792.jar;C:\Users\thyag\.m2\repository\com\amazonaws\aws-java-sdk-core\1.11.792\aws-java-sdk-core-1.11.792.jar;C:\Users\thyag\.m2\repository\org\apache\httpcomponents\httpclient\4.5.12\httpclient-4.5.12.jar;C:\Users\thyag\.m2\repository\org\apache\httpcomponents\httpcore\4.4.13\httpcore-4.4.13.jar;C:\Users\thyag\.m2\repository\commons-codec\commons-codec\1.13\commons-codec-1.13.jar;C:\Users\thyag\.m2\repository\software\amazon\ion\ion-java\1.0.2\ion-java-1.0.2.jar;C:\Users\thyag\.m2\repository\com\fasterxml\jackson\dataformat\jackson-dataformat-cbor\2.11.4\jackson-dataformat-cbor-2.11.4.jar;C:\Users\thyag\.m2\repository\joda-time\joda-time\2.10.6\joda-time-2.10.6.jar;C:\Users\thyag\.m2\repository\com\amazonaws\jmespath-java\1.11.792\jmespath-java-1.11.792.jar;C:\Users\thyag\.m2\repository\javax\enterprise\cdi-api\1.2\cdi-api-1.2.jar;C:\Users\thyag\.m2\repository\javax\el\javax.el-api\3.0.0\javax.el-api-3.0.0.jar;C:\Users\thyag\.m2\repository\javax\interceptor\javax.interceptor-api\1.2\javax.interceptor-api-1.2.jar;C:\Users\thyag\.m2\repository\javax\inject\javax.inject\1\javax.inject-1.jar;C:\Users\thyag\.m2\repository\com\tngtech\archunit\archunit-junit4\0.13.1\archunit-junit4-0.13.1.jar;C:\Users\thyag\.m2\repository\com\tngtech\archunit\archunit\0.13.1\archunit-0.13.1.jar;C:\Users\thyag\.m2\repository\junit\junit\4.12\junit-4.12.jar;C:\Users\thyag\.m2\repository\org\hamcrest\hamcrest-core\2.1\hamcrest-core-2.1.jar;C:\Users\thyag\.m2\repository\org\springframework\cloud\spring-cloud-starter-sleuth\2.2.7.RELEASE\spring-cloud-starter-sleuth-2.2.7.RELEASE.jar;C:\Users\thyag\.m2\repository\org\springframework\cloud\spring-cloud-starter\2.2.7.RELEASE\spring-cloud-starter-2.2.7.RELEASE.jar;C:\Users\thyag\.m2\repository\org\springframework\cloud\spring-cloud-context\2.2.7.RELEASE\spring-cloud-context-2.2.7.RELEASE.jar;C:\Users\thyag\.m2\repository\org\springframework\security\spring-security-crypto\5.3.6.RELEASE\spring-security-crypto-5.3.6.RELEASE.jar;C:\Users\thyag\.m2\repository\org\springframework\cloud\spring-cloud-commons\2.2.7.RELEASE\spring-cloud-commons-2.2.7.RELEASE.jar;C:\Users\thyag\.m2\repository\org\springframework\security\spring-security-rsa\1.0.9.RELEASE\spring-security-rsa-1.0.9.RELEASE.jar;C:\Users\thyag\.m2\repository\org\bouncycastle\bcpkix-jdk15on\1.64\bcpkix-jdk15on-1.64.jar;C:\Users\thyag\.m2\repository\org\bouncycastle\bcprov-jdk15on\1.64\bcprov-jdk15on-1.64.jar;C:\Users\thyag\.m2\repository\org\springframework\boot\spring-boot-starter-aop\2.2.7.RELEASE\spring-boot-starter-aop-2.2.7.RELEASE.jar;C:\Users\thyag\.m2\repository\org\aspectj\aspectjweaver\1.9.5\aspectjweaver-1.9.5.jar;C:\Users\thyag\.m2\repository\org\springframework\cloud\spring-cloud-sleuth-core\2.2.7.RELEASE\spring-cloud-sleuth-core-2.2.7.RELEASE.jar;C:\Users\thyag\.m2\repository\org\aspectj\aspectjrt\1.9.5\aspectjrt-1.9.5.jar;C:\Users\thyag\.m2\repository\io\zipkin\brave\brave\5.12.7\brave-5.12.7.jar;C:\Users\thyag\.m2\repository\io\zipkin\reporter2\zipkin-reporter-brave\2.15.2\zipkin-reporter-brave-2.15.2.jar;C:\Users\thyag\.m2\repository\io\zipkin\brave\brave-context-slf4j\5.12.7\brave-context-slf4j-5.12.7.jar;C:\Users\thyag\.m2\repository\io\zipkin\brave\brave-instrumentation-messaging\5.12.7\brave-instrumentation-messaging-5.12.7.jar;C:\Users\thyag\.m2\repository\io\zipkin\brave\brave-instrumentation-rpc\5.12.7\brave-instrumentation-rpc-5.12.7.jar;C:\Users\thyag\.m2\repository\io\zipkin\brave\brave-instrumentation-spring-web\5.12.7\brave-instrumentation-spring-web-5.12.7.jar;C:\Users\thyag\.m2\repository\io\zipkin\brave\brave-instrumentation-http\5.12.7\brave-instrumentation-http-5.12.7.jar;C:\Users\thyag\.m2\repository\io\zipkin\brave\brave-instrumentation-spring-rabbit\5.12.7\brave-instrumentation-spring-rabbit-5.12.7.jar;C:\Users\thyag\.m2\repository\io\zipkin\brave\brave-instrumentation-kafka-clients\5.12.7\brave-instrumentation-kafka-clients-5.12.7.jar;C:\Users\thyag\.m2\repository\io\zipkin\brave\brave-instrumentation-kafka-streams\5.12.7\brave-instrumentation-kafka-streams-5.12.7.jar;C:\Users\thyag\.m2\repository\io\zipkin\brave\brave-instrumentation-httpclient\5.12.7\brave-instrumentation-httpclient-5.12.7.jar;C:\Users\thyag\.m2\repository\io\zipkin\brave\brave-instrumentation-httpasyncclient\5.12.7\brave-instrumentation-httpasyncclient-5.12.7.jar;C:\Users\thyag\.m2\repository\io\zipkin\brave\brave-instrumentation-spring-webmvc\5.12.7\brave-instrumentation-spring-webmvc-5.12.7.jar;C:\Users\thyag\.m2\repository\io\zipkin\brave\brave-instrumentation-servlet\5.12.7\brave-instrumentation-servlet-5.12.7.jar;C:\Users\thyag\.m2\repository\io\zipkin\brave\brave-instrumentation-jms\5.12.7\brave-instrumentation-jms-5.12.7.jar;C:\Users\thyag\.m2\repository\io\zipkin\reporter2\zipkin-reporter-metrics-micrometer\2.15.2\zipkin-reporter-metrics-micrometer-2.15.2.jar;C:\Users\thyag\.m2\repository\io\zipkin\reporter2\zipkin-reporter\2.15.2\zipkin-reporter-2.15.2.jar;C:\Users\thyag\.m2\repository\io\zipkin\zipkin2\zipkin\2.21.7\zipkin-2.21.7.jar;C:\Users\thyag\.m2\repository\net\logstash\logback\logstash-logback-encoder\7.0.1\logstash-logback-encoder-7.0.1.jar;C:\Users\thyag\.m2\repository\com\fasterxml\jackson\core\jackson-databind\2.11.4\jackson-databind-2.11.4.jar;C:\Users\thyag\.m2\repository\com\fasterxml\jackson\core\jackson-core\2.11.4\jackson-core-2.11.4.jar;C:\Users\thyag\.m2\repository\org\springframework\boot\spring-boot-starter-oauth2-resource-server\2.2.7.RELEASE\spring-boot-starter-oauth2-resource-server-2.2.7.RELEASE.jar;C:\Users\thyag\.m2\repository\org\springframework\security\spring-security-config\5.3.6.RELEASE\spring-security-config-5.3.6.RELEASE.jar;C:\Users\thyag\.m2\repository\org\springframework\security\spring-security-core\5.3.6.RELEASE\spring-security-core-5.3.6.RELEASE.jar;C:\Users\thyag\.m2\repository\org\springframework\security\spring-security-oauth2-resource-server\5.3.6.RELEASE\spring-security-oauth2-resource-server-5.3.6.RELEASE.jar;C:\Users\thyag\.m2\repository\org\springframework\security\spring-security-oauth2-jose\5.3.6.RELEASE\spring-security-oauth2-jose-5.3.6.RELEASE.jar;C:\Users\thyag\.m2\repository\com\nimbusds\nimbus-jose-jwt\8.19\nimbus-jose-jwt-8.19.jar;C:\Users\thyag\.m2\repository\com\github\stephenc\jcip\jcip-annotations\1.0-1\jcip-annotations-1.0-1.jar;C:\Users\thyag\.m2\repository\org\springframework\security\spring-security-oauth2-core\5.3.6.RELEASE\spring-security-oauth2-core-5.3.6.RELEASE.jar;C:\Users\thyag\.m2\repository\org\springframework\security\spring-security-test\5.3.6.RELEASE\spring-security-test-5.3.6.RELEASE.jar;C:\Users\thyag\.m2\repository\org\springframework\security\spring-security-web\5.3.6.RELEASE\spring-security-web-5.3.6.RELEASE.jar;"/>
    <property name="java.vm.vendor" value="Red Hat, Inc."/>
    <property name="sun.arch.data.model" value="64"/>
    <property name="user.variant" value=""/>
    <property name="java.vendor.url" value="https://access.redhat.com/"/>
    <property name="user.timezone" value="America/Sao_Paulo"/>
    <property name="java.vm.specification.version" value="11"/>
    <property name="os.name" value="Windows 10"/>
    <property name="sun.java.launcher" value="SUN_STANDARD"/>
    <property name="user.country" value="BR"/>
    <property name="sun.boot.library.path" value="C:\Program Files\RedHat\java-11-openjdk-11.0.12-1\bin"/>
    <property name="sun.java.command" value="C:\Users\thyag\AppData\Local\Temp\surefire10665409801538193548\surefirebooter14850122353010305135.jar C:\Users\thyag\AppData\Local\Temp\surefire10665409801538193548 2022-01-21T09-44-13_449-jvmRun1 surefire8215156205950247021tmp surefire_03582016367347192317tmp"/>
    <property name="jdk.debug" value="release"/>
    <property name="surefire.test.class.path" value="C:\Users\thyag\IdeaProjects\desafio-mercado-livre\target\test-classes;C:\Users\thyag\IdeaProjects\desafio-mercado-livre\target\classes;C:\Users\thyag\.m2\repository\org\springframework\boot\spring-boot-starter-web\2.2.7.RELEASE\spring-boot-starter-web-2.2.7.RELEASE.jar;C:\Users\thyag\.m2\repository\org\springframework\boot\spring-boot-starter\2.2.7.RELEASE\spring-boot-starter-2.2.7.RELEASE.jar;C:\Users\thyag\.m2\repository\org\springframework\boot\spring-boot\2.2.7.RELEASE\spring-boot-2.2.7.RELEASE.jar;C:\Users\thyag\.m2\repository\org\springframework\boot\spring-boot-autoconfigure\2.2.7.RELEASE\spring-boot-autoconfigure-2.2.7.RELEASE.jar;C:\Users\thyag\.m2\repository\org\springframework\boot\spring-boot-starter-logging\2.2.7.RELEASE\spring-boot-starter-logging-2.2.7.RELEASE.jar;C:\Users\thyag\.m2\repository\ch\qos\logback\logback-classic\1.2.3\logback-classic-1.2.3.jar;C:\Users\thyag\.m2\repository\ch\qos\logback\logback-core\1.2.3\logback-core-1.2.3.jar;C:\Users\thyag\.m2\repository\org\apache\logging\log4j\log4j-to-slf4j\2.12.1\log4j-to-slf4j-2.12.1.jar;C:\Users\thyag\.m2\repository\org\apache\logging\log4j\log4j-api\2.13.3\log4j-api-2.13.3.jar;C:\Users\thyag\.m2\repository\org\slf4j\jul-to-slf4j\1.7.30\jul-to-slf4j-1.7.30.jar;C:\Users\thyag\.m2\repository\jakarta\annotation\jakarta.annotation-api\1.3.5\jakarta.annotation-api-1.3.5.jar;C:\Users\thyag\.m2\repository\org\yaml\snakeyaml\1.25\snakeyaml-1.25.jar;C:\Users\thyag\.m2\repository\org\springframework\boot\spring-boot-starter-json\2.2.7.RELEASE\spring-boot-starter-json-2.2.7.RELEASE.jar;C:\Users\thyag\.m2\repository\com\fasterxml\jackson\datatype\jackson-datatype-jdk8\2.11.4\jackson-datatype-jdk8-2.11.4.jar;C:\Users\thyag\.m2\repository\com\fasterxml\jackson\datatype\jackson-datatype-jsr310\2.11.4\jackson-datatype-jsr310-2.11.4.jar;C:\Users\thyag\.m2\repository\com\fasterxml\jackson\module\jackson-module-parameter-names\2.11.4\jackson-module-parameter-names-2.11.4.jar;C:\Users\thyag\.m2\repository\org\springframework\boot\spring-boot-starter-tomcat\2.2.7.RELEASE\spring-boot-starter-tomcat-2.2.7.RELEASE.jar;C:\Users\thyag\.m2\repository\org\apache\tomcat\embed\tomcat-embed-core\9.0.34\tomcat-embed-core-9.0.34.jar;C:\Users\thyag\.m2\repository\org\apache\tomcat\embed\tomcat-embed-el\9.0.34\tomcat-embed-el-9.0.34.jar;C:\Users\thyag\.m2\repository\org\apache\tomcat\embed\tomcat-embed-websocket\9.0.34\tomcat-embed-websocket-9.0.34.jar;C:\Users\thyag\.m2\repository\org\springframework\boot\spring-boot-starter-validation\2.2.7.RELEASE\spring-boot-starter-validation-2.2.7.RELEASE.jar;C:\Users\thyag\.m2\repository\jakarta\validation\jakarta.validation-api\2.0.2\jakarta.validation-api-2.0.2.jar;C:\Users\thyag\.m2\repository\org\springframework\spring-web\5.2.12.RELEASE\spring-web-5.2.12.RELEASE.jar;C:\Users\thyag\.m2\repository\org\springframework\spring-beans\5.2.12.RELEASE\spring-beans-5.2.12.RELEASE.jar;C:\Users\thyag\.m2\repository\org\springframework\spring-webmvc\5.2.12.RELEASE\spring-webmvc-5.2.12.RELEASE.jar;C:\Users\thyag\.m2\repository\org\springframework\spring-aop\5.2.12.RELEASE\spring-aop-5.2.12.RELEASE.jar;C:\Users\thyag\.m2\repository\org\springframework\spring-expression\5.2.12.RELEASE\spring-expression-5.2.12.RELEASE.jar;C:\Users\thyag\.m2\repository\org\springframework\boot\spring-boot-starter-test\2.2.7.RELEASE\spring-boot-starter-test-2.2.7.RELEASE.jar;C:\Users\thyag\.m2\repository\org\springframework\boot\spring-boot-test\2.2.7.RELEASE\spring-boot-test-2.2.7.RELEASE.jar;C:\Users\thyag\.m2\repository\org\springframework\boot\spring-boot-test-autoconfigure\2.2.7.RELEASE\spring-boot-test-autoconfigure-2.2.7.RELEASE.jar;C:\Users\thyag\.m2\repository\com\jayway\jsonpath\json-path\2.4.0\json-path-2.4.0.jar;C:\Users\thyag\.m2\repository\net\minidev\json-smart\2.3\json-smart-2.3.jar;C:\Users\thyag\.m2\repository\net\minidev\accessors-smart\1.2\accessors-smart-1.2.jar;C:\Users\thyag\.m2\repository\org\ow2\asm\asm\5.0.4\asm-5.0.4.jar;C:\Users\thyag\.m2\repository\jakarta\xml\bind\jakarta.xml.bind-api\2.3.3\jakarta.xml.bind-api-2.3.3.jar;C:\Users\thyag\.m2\repository\jakarta\activation\jakarta.activation-api\1.2.2\jakarta.activation-api-1.2.2.jar;C:\Users\thyag\.m2\repository\org\junit\jupiter\junit-jupiter\5.6.3\junit-jupiter-5.6.3.jar;C:\Users\thyag\.m2\repository\org\junit\jupiter\junit-jupiter-api\5.6.3\junit-jupiter-api-5.6.3.jar;C:\Users\thyag\.m2\repository\org\opentest4j\opentest4j\1.2.0\opentest4j-1.2.0.jar;C:\Users\thyag\.m2\repository\org\junit\platform\junit-platform-commons\1.6.3\junit-platform-commons-1.6.3.jar;C:\Users\thyag\.m2\repository\org\junit\jupiter\junit-jupiter-params\5.6.3\junit-jupiter-params-5.6.3.jar;C:\Users\thyag\.m2\repository\org\junit\jupiter\junit-jupiter-engine\5.6.3\junit-jupiter-engine-5.6.3.jar;C:\Users\thyag\.m2\repository\org\junit\vintage\junit-vintage-engine\5.6.3\junit-vintage-engine-5.6.3.jar;C:\Users\thyag\.m2\repository\org\apiguardian\apiguardian-api\1.1.0\apiguardian-api-1.1.0.jar;C:\Users\thyag\.m2\repository\org\junit\platform\junit-platform-engine\1.6.3\junit-platform-engine-1.6.3.jar;C:\Users\thyag\.m2\repository\org\mockito\mockito-junit-jupiter\3.1.0\mockito-junit-jupiter-3.1.0.jar;C:\Users\thyag\.m2\repository\org\assertj\assertj-core\3.13.2\assertj-core-3.13.2.jar;C:\Users\thyag\.m2\repository\org\hamcrest\hamcrest\2.1\hamcrest-2.1.jar;C:\Users\thyag\.m2\repository\org\mockito\mockito-core\3.1.0\mockito-core-3.1.0.jar;C:\Users\thyag\.m2\repository\net\bytebuddy\byte-buddy\1.10.10\byte-buddy-1.10.10.jar;C:\Users\thyag\.m2\repository\net\bytebuddy\byte-buddy-agent\1.10.10\byte-buddy-agent-1.10.10.jar;C:\Users\thyag\.m2\repository\org\objenesis\objenesis\3.0.1\objenesis-3.0.1.jar;C:\Users\thyag\.m2\repository\org\skyscreamer\jsonassert\1.5.0\jsonassert-1.5.0.jar;C:\Users\thyag\.m2\repository\com\vaadin\external\google\android-json\0.0.20131108.vaadin1\android-json-0.0.20131108.vaadin1.jar;C:\Users\thyag\.m2\repository\org\springframework\spring-core\5.2.12.RELEASE\spring-core-5.2.12.RELEASE.jar;C:\Users\thyag\.m2\repository\org\springframework\spring-jcl\5.2.12.RELEASE\spring-jcl-5.2.12.RELEASE.jar;C:\Users\thyag\.m2\repository\org\springframework\spring-test\5.2.12.RELEASE\spring-test-5.2.12.RELEASE.jar;C:\Users\thyag\.m2\repository\org\xmlunit\xmlunit-core\2.6.4\xmlunit-core-2.6.4.jar;C:\Users\thyag\.m2\repository\org\mapstruct\mapstruct\1.3.1.Final\mapstruct-1.3.1.Final.jar;C:\Users\thyag\.m2\repository\org\mapstruct\mapstruct-processor\1.3.1.Final\mapstruct-processor-1.3.1.Final.jar;C:\Users\thyag\.m2\repository\io\springfox\springfox-swagger2\2.9.2\springfox-swagger2-2.9.2.jar;C:\Users\thyag\.m2\repository\io\swagger\swagger-annotations\1.5.20\swagger-annotations-1.5.20.jar;C:\Users\thyag\.m2\repository\io\swagger\swagger-models\1.5.20\swagger-models-1.5.20.jar;C:\Users\thyag\.m2\repository\com\fasterxml\jackson\core\jackson-annotations\2.11.4\jackson-annotations-2.11.4.jar;C:\Users\thyag\.m2\repository\io\springfox\springfox-spi\2.9.2\springfox-spi-2.9.2.jar;C:\Users\thyag\.m2\repository\io\springfox\springfox-core\2.9.2\springfox-core-2.9.2.jar;C:\Users\thyag\.m2\repository\io\springfox\springfox-schema\2.9.2\springfox-schema-2.9.2.jar;C:\Users\thyag\.m2\repository\io\springfox\springfox-swagger-common\2.9.2\springfox-swagger-common-2.9.2.jar;C:\Users\thyag\.m2\repository\io\springfox\springfox-spring-web\2.9.2\springfox-spring-web-2.9.2.jar;C:\Users\thyag\.m2\repository\com\google\guava\guava\20.0\guava-20.0.jar;C:\Users\thyag\.m2\repository\com\fasterxml\classmate\1.5.1\classmate-1.5.1.jar;C:\Users\thyag\.m2\repository\org\slf4j\slf4j-api\1.7.30\slf4j-api-1.7.30.jar;C:\Users\thyag\.m2\repository\org\springframework\plugin\spring-plugin-core\1.2.0.RELEASE\spring-plugin-core-1.2.0.RELEASE.jar;C:\Users\thyag\.m2\repository\org\springframework\plugin\spring-plugin-metadata\1.2.0.RELEASE\spring-plugin-metadata-1.2.0.RELEASE.jar;C:\Users\thyag\.m2\repository\io\springfox\springfox-swagger-ui\2.9.2\springfox-swagger-ui-2.9.2.jar;C:\Users\thyag\.m2\repository\org\projectlombok\lombok\1.18.12\lombok-1.18.12.jar;C:\Users\thyag\.m2\repository\com\github\derjust\spring-data-dynamodb\5.1.0\spring-data-dynamodb-5.1.0.jar;C:\Users\thyag\.m2\repository\org\springframework\spring-context\5.2.12.RELEASE\spring-context-5.2.12.RELEASE.jar;C:\Users\thyag\.m2\repository\org\springframework\spring-tx\5.2.12.RELEASE\spring-tx-5.2.12.RELEASE.jar;C:\Users\thyag\.m2\repository\org\springframework\data\spring-data-commons\2.3.6.RELEASE\spring-data-commons-2.3.6.RELEASE.jar;C:\Users\thyag\.m2\repository\org\hibernate\validator\hibernate-validator\6.0.19.Final\hibernate-validator-6.0.19.Final.jar;C:\Users\thyag\.m2\repository\javax\validation\validation-api\2.0.1.Final\validation-api-2.0.1.Final.jar;C:\Users\thyag\.m2\repository\org\jboss\logging\jboss-logging\3.4.1.Final\jboss-logging-3.4.1.Final.jar;C:\Users\thyag\.m2\repository\com\amazonaws\aws-java-sdk-dynamodb\1.11.792\aws-java-sdk-dynamodb-1.11.792.jar;C:\Users\thyag\.m2\repository\com\amazonaws\aws-java-sdk-s3\1.11.792\aws-java-sdk-s3-1.11.792.jar;C:\Users\thyag\.m2\repository\com\amazonaws\aws-java-sdk-kms\1.11.792\aws-java-sdk-kms-1.11.792.jar;C:\Users\thyag\.m2\repository\com\amazonaws\aws-java-sdk-core\1.11.792\aws-java-sdk-core-1.11.792.jar;C:\Users\thyag\.m2\repository\org\apache\httpcomponents\httpclient\4.5.12\httpclient-4.5.12.jar;C:\Users\thyag\.m2\repository\org\apache\httpcomponents\httpcore\4.4.13\httpcore-4.4.13.jar;C:\Users\thyag\.m2\repository\commons-codec\commons-codec\1.13\commons-codec-1.13.jar;C:\Users\thyag\.m2\repository\software\amazon\ion\ion-java\1.0.2\ion-java-1.0.2.jar;C:\Users\thyag\.m2\repository\com\fasterxml\jackson\dataformat\jackson-dataformat-cbor\2.11.4\jackson-dataformat-cbor-2.11.4.jar;C:\Users\thyag\.m2\repository\joda-time\joda-time\2.10.6\joda-time-2.10.6.jar;C:\Users\thyag\.m2\repository\com\amazonaws\jmespath-java\1.11.792\jmespath-java-1.11.792.jar;C:\Users\thyag\.m2\repository\javax\enterprise\cdi-api\1.2\cdi-api-1.2.jar;C:\Users\thyag\.m2\repository\javax\el\javax.el-api\3.0.0\javax.el-api-3.0.0.jar;C:\Users\thyag\.m2\repository\javax\interceptor\javax.interceptor-api\1.2\javax.interceptor-api-1.2.jar;C:\Users\thyag\.m2\repository\javax\inject\javax.inject\1\javax.inject-1.jar;C:\Users\thyag\.m2\repository\com\tngtech\archunit\archunit-junit4\0.13.1\archunit-junit4-0.13.1.jar;C:\Users\thyag\.m2\repository\com\tngtech\archunit\archunit\0.13.1\archunit-0.13.1.jar;C:\Users\thyag\.m2\repository\junit\junit\4.12\junit-4.12.jar;C:\Users\thyag\.m2\repository\org\hamcrest\hamcrest-core\2.1\hamcrest-core-2.1.jar;C:\Users\thyag\.m2\repository\org\springframework\cloud\spring-cloud-starter-sleuth\2.2.7.RELEASE\spring-cloud-starter-sleuth-2.2.7.RELEASE.jar;C:\Users\thyag\.m2\repository\org\springframework\cloud\spring-cloud-starter\2.2.7.RELEASE\spring-cloud-starter-2.2.7.RELEASE.jar;C:\Users\thyag\.m2\repository\org\springframework\cloud\spring-cloud-context\2.2.7.RELEASE\spring-cloud-context-2.2.7.RELEASE.jar;C:\Users\thyag\.m2\repository\org\springframework\security\spring-security-crypto\5.3.6.RELEASE\spring-security-crypto-5.3.6.RELEASE.jar;C:\Users\thyag\.m2\repository\org\springframework\cloud\spring-cloud-commons\2.2.7.RELEASE\spring-cloud-commons-2.2.7.RELEASE.jar;C:\Users\thyag\.m2\repository\org\springframework\security\spring-security-rsa\1.0.9.RELEASE\spring-security-rsa-1.0.9.RELEASE.jar;C:\Users\thyag\.m2\repository\org\bouncycastle\bcpkix-jdk15on\1.64\bcpkix-jdk15on-1.64.jar;C:\Users\thyag\.m2\repository\org\bouncycastle\bcprov-jdk15on\1.64\bcprov-jdk15on-1.64.jar;C:\Users\thyag\.m2\repository\org\springframework\boot\spring-boot-starter-aop\2.2.7.RELEASE\spring-boot-starter-aop-2.2.7.RELEASE.jar;C:\Users\thyag\.m2\repository\org\aspectj\aspectjweaver\1.9.5\aspectjweaver-1.9.5.jar;C:\Users\thyag\.m2\repository\org\springframework\cloud\spring-cloud-sleuth-core\2.2.7.RELEASE\spring-cloud-sleuth-core-2.2.7.RELEASE.jar;C:\Users\thyag\.m2\repository\org\aspectj\aspectjrt\1.9.5\aspectjrt-1.9.5.jar;C:\Users\thyag\.m2\repository\io\zipkin\brave\brave\5.12.7\brave-5.12.7.jar;C:\Users\thyag\.m2\repository\io\zipkin\reporter2\zipkin-reporter-brave\2.15.2\zipkin-reporter-brave-2.15.2.jar;C:\Users\thyag\.m2\repository\io\zipkin\brave\brave-context-slf4j\5.12.7\brave-context-slf4j-5.12.7.jar;C:\Users\thyag\.m2\repository\io\zipkin\brave\brave-instrumentation-messaging\5.12.7\brave-instrumentation-messaging-5.12.7.jar;C:\Users\thyag\.m2\repository\io\zipkin\brave\brave-instrumentation-rpc\5.12.7\brave-instrumentation-rpc-5.12.7.jar;C:\Users\thyag\.m2\repository\io\zipkin\brave\brave-instrumentation-spring-web\5.12.7\brave-instrumentation-spring-web-5.12.7.jar;C:\Users\thyag\.m2\repository\io\zipkin\brave\brave-instrumentation-http\5.12.7\brave-instrumentation-http-5.12.7.jar;C:\Users\thyag\.m2\repository\io\zipkin\brave\brave-instrumentation-spring-rabbit\5.12.7\brave-instrumentation-spring-rabbit-5.12.7.jar;C:\Users\thyag\.m2\repository\io\zipkin\brave\brave-instrumentation-kafka-clients\5.12.7\brave-instrumentation-kafka-clients-5.12.7.jar;C:\Users\thyag\.m2\repository\io\zipkin\brave\brave-instrumentation-kafka-streams\5.12.7\brave-instrumentation-kafka-streams-5.12.7.jar;C:\Users\thyag\.m2\repository\io\zipkin\brave\brave-instrumentation-httpclient\5.12.7\brave-instrumentation-httpclient-5.12.7.jar;C:\Users\thyag\.m2\repository\io\zipkin\brave\brave-instrumentation-httpasyncclient\5.12.7\brave-instrumentation-httpasyncclient-5.12.7.jar;C:\Users\thyag\.m2\repository\io\zipkin\brave\brave-instrumentation-spring-webmvc\5.12.7\brave-instrumentation-spring-webmvc-5.12.7.jar;C:\Users\thyag\.m2\repository\io\zipkin\brave\brave-instrumentation-servlet\5.12.7\brave-instrumentation-servlet-5.12.7.jar;C:\Users\thyag\.m2\repository\io\zipkin\brave\brave-instrumentation-jms\5.12.7\brave-instrumentation-jms-5.12.7.jar;C:\Users\thyag\.m2\repository\io\zipkin\reporter2\zipkin-reporter-metrics-micrometer\2.15.2\zipkin-reporter-metrics-micrometer-2.15.2.jar;C:\Users\thyag\.m2\repository\io\zipkin\reporter2\zipkin-reporter\2.15.2\zipkin-reporter-2.15.2.jar;C:\Users\thyag\.m2\repository\io\zipkin\zipkin2\zipkin\2.21.7\zipkin-2.21.7.jar;C:\Users\thyag\.m2\repository\net\logstash\logback\logstash-logback-encoder\7.0.1\logstash-logback-encoder-7.0.1.jar;C:\Users\thyag\.m2\repository\com\fasterxml\jackson\core\jackson-databind\2.11.4\jackson-databind-2.11.4.jar;C:\Users\thyag\.m2\repository\com\fasterxml\jackson\core\jackson-core\2.11.4\jackson-core-2.11.4.jar;C:\Users\thyag\.m2\repository\org\springframework\boot\spring-boot-starter-oauth2-resource-server\2.2.7.RELEASE\spring-boot-starter-oauth2-resource-server-2.2.7.RELEASE.jar;C:\Users\thyag\.m2\repository\org\springframework\security\spring-security-config\5.3.6.RELEASE\spring-security-config-5.3.6.RELEASE.jar;C:\Users\thyag\.m2\repository\org\springframework\security\spring-security-core\5.3.6.RELEASE\spring-security-core-5.3.6.RELEASE.jar;C:\Users\thyag\.m2\repository\org\springframework\security\spring-security-oauth2-resource-server\5.3.6.RELEASE\spring-security-oauth2-resource-server-5.3.6.RELEASE.jar;C:\Users\thyag\.m2\repository\org\springframework\security\spring-security-oauth2-jose\5.3.6.RELEASE\spring-security-oauth2-jose-5.3.6.RELEASE.jar;C:\Users\thyag\.m2\repository\com\nimbusds\nimbus-jose-jwt\8.19\nimbus-jose-jwt-8.19.jar;C:\Users\thyag\.m2\repository\com\github\stephenc\jcip\jcip-annotations\1.0-1\jcip-annotations-1.0-1.jar;C:\Users\thyag\.m2\repository\org\springframework\security\spring-security-oauth2-core\5.3.6.RELEASE\spring-security-oauth2-core-5.3.6.RELEASE.jar;C:\Users\thyag\.m2\repository\org\springframework\security\spring-security-test\5.3.6.RELEASE\spring-security-test-5.3.6.RELEASE.jar;C:\Users\thyag\.m2\repository\org\springframework\security\spring-security-web\5.3.6.RELEASE\spring-security-web-5.3.6.RELEASE.jar;"/>
    <property name="sun.cpu.endian" value="little"/>
    <property name="user.home" value="C:\Users\thyag"/>
    <property name="user.language" value="pt"/>
    <property name="java.specification.vendor" value="Oracle Corporation"/>
    <property name="java.version.date" value="2021-07-20"/>
    <property name="java.home" value="C:\Program Files\RedHat\java-11-openjdk-11.0.12-1"/>
    <property name="file.separator" value="\"/>
    <property name="basedir" value="C:\Users\thyag\IdeaProjects\desafio-mercado-livre"/>
    <property name="java.vm.compressedOopsMode" value="Zero based"/>
    <property name="line.separator" value="&#10;"/>
    <property name="java.specification.name" value="Java Platform API Specification"/>
    <property name="java.vm.specification.vendor" value="Oracle Corporation"/>
    <property name="java.awt.graphicsenv" value="sun.awt.Win32GraphicsEnvironment"/>
    <property name="surefire.real.class.path" value="C:\Users\thyag\AppData\Local\Temp\surefire10665409801538193548\surefirebooter14850122353010305135.jar"/>
    <property name="user.script" value=""/>
    <property name="sun.management.compiler" value="HotSpot 64-Bit Tiered Compilers"/>
    <property name="java.runtime.version" value="11.0.12+7-LTS"/>
    <property name="user.name" value="thyag"/>
    <property name="path.separator" value=";"/>
    <property name="os.version" value="10.0"/>
    <property name="java.runtime.name" value="OpenJDK Runtime Environment"/>
    <property name="file.encoding" value="Cp1252"/>
    <property name="java.vm.name" value="OpenJDK 64-Bit Server VM"/>
    <property name="java.vendor.version" value="18.9"/>
    <property name="localRepository" value="C:\Users\thyag\.m2\repository"/>
    <property name="java.vendor.url.bug" value="https://bugzilla.redhat.com/enter_bug.cgi"/>
    <property name="java.io.tmpdir" value="C:\Users\thyag\AppData\Local\Temp\"/>
    <property name="idea.version" value="2021.2"/>
    <property name="java.version" value="11.0.12"/>
    <property name="user.dir" value="C:\Users\thyag\IdeaProjects\desafio-mercado-livre"/>
    <property name="os.arch" value="amd64"/>
    <property name="java.vm.specification.name" value="Java Virtual Machine Specification"/>
    <property name="java.awt.printerjob" value="sun.awt.windows.WPrinterJob"/>
    <property name="sun.os.patch.level" value=""/>
    <property name="java.library.path" value="C:\Program Files\RedHat\java-11-openjdk-11.0.12-1\bin;C:\WINDOWS\Sun\Java\bin;C:\WINDOWS\system32;C:\WINDOWS;C:\Windows\system32;C:\Windows;C:\Windows\System32\Wbem;C:\Windows\System32\WindowsPowerShell\v1.0\;C:\Windows\System32\OpenSSH\;C:\Program Files (x86)\NVIDIA Corporation\PhysX\Common;C:\Program Files\nodejs\;C:\Program Files\Git\cmd;C:\Program Files\RedHat\java-11-openjdk-11.0.12-1\bin;C:\Program Files\dotnet\;D:\Amazon\AWSSAMCLI\bin\;C:\WINDOWS\system32;C:\WINDOWS;C:\WINDOWS\System32\Wbem;C:\WINDOWS\System32\WindowsPowerShell\v1.0\;C:\WINDOWS\System32\OpenSSH\;C:\Program Files\NVIDIA Corporation\NVIDIA NvDLISR;C:\Program Files\Amazon\AWSCLIV2\;C:\Program Files\PuTTY\;C:\Program Files\Docker\Docker\resources\bin;C:\ProgramData\DockerDesktop\version-bin;C:\Users\thyag\AppData\Local\Microsoft\WindowsApps;C:\Users\thyag\AppData\Local\Programs\Microsoft VS Code\bin;C:\Users\thyag\AppData\Roaming\npm;C:\Users\thyag\AppData\Local\GitHubDesktop\bin;C:\Program Files\Apache Maven\apache-maven-3.8.2\bin;;."/>
    <property name="java.vm.info" value="mixed mode"/>
    <property name="java.vendor" value="Red Hat, Inc."/>
    <property name="java.vm.version" value="11.0.12+7-LTS"/>
    <property name="sun.io.unicode.encoding" value="UnicodeLittle"/>
    <property name="java.class.version" value="55.0"/>
  </properties>
  <testcase name="find_by_id_retorna_vazio" classname="br.com.mercado_livre.desafio.unittests.adapters.gateways.repositories.PedidoRepositoryTest" time="0.006"/>
  <testcase name="find_by_id_retorna_registro" classname="br.com.mercado_livre.desafio.unittests.adapters.gateways.repositories.PedidoRepositoryTest" time="0.045"/>
</testsuite>